<?xml version="1.0" encoding="UTF-8"?>
<!-- Generated by org.testng.reporters.JUnitReportReporter -->
<testsuite hostname="SHARAN47" failures="0" tests="1" name="com.mystore.testcases.LoginPageTest" time="25.287" errors="0" timestamp="2022-07-22T11:48:03 IST" skipped="0">
  <testcase classname="com.mystore.testcases.LoginPageTest" name="loginTest" time="25.287"/>
  <system-out/>
</testsuite> <!-- com.mystore.testcases.LoginPageTest -->
