<?xml version="1.0" encoding="UTF-8"?>
<!-- Generated by org.testng.reporters.JUnitReportReporter -->
<testsuite hostname="SHARAN47" failures="0" tests="1" name="com.mystore.utility.ExtentManager" time="0.012" errors="0" timestamp="2022-07-28T17:39:50 IST" skipped="0">
  <testcase classname="com.mystore.utility.ExtentManager" name="testexcutive" time="0.012"/>
  <system-out/>
</testsuite> <!-- com.mystore.utility.ExtentManager -->
