<?xml version="1.0" encoding="UTF-8"?>
<!-- Generated by org.testng.reporters.JUnitReportReporter -->
<testsuite hostname="SHARAN47" failures="0" tests="1" name="com.mystore.pageobject.IndexPage" time="6.364" errors="0" timestamp="2022-07-21T19:57:32 IST" skipped="0">
  <testcase classname="com.mystore.pageobject.IndexPage" name="launchWebPage" time="6.364"/>
  <system-out/>
</testsuite> <!-- com.mystore.pageobject.IndexPage -->
