<?xml version="1.0" encoding="UTF-8"?>
<!-- Generated by org.testng.reporters.JUnitReportReporter -->
<testsuite hostname="SHARAN47" failures="0" tests="1" name="com.mystore.base.Baseclass" time="31.028" errors="0" timestamp="2022-07-27T22:26:52 IST" skipped="0">
  <testcase classname="com.mystore.base.Baseclass" name="indexPractice" time="31.028"/>
  <system-out/>
</testsuite> <!-- com.mystore.base.Baseclass -->
