<?xml version="1.0" encoding="UTF-8"?>
<!-- Generated by org.testng.reporters.JUnitReportReporter -->
<testsuite hostname="SHARAN47" failures="0" tests="2" name="com.mystore.testcases.AccountCreationPageTest" time="65.883" errors="0" timestamp="2022-07-26T00:03:59 IST" skipped="0">
  <testcase classname="com.mystore.testcases.AccountCreationPageTest" name="AccountCreateforNewUsers" time="30.406"/>
  <system-out/>
  <testcase classname="com.mystore.testcases.AccountCreationPageTest" name="AccountCreateforNewUsers" time="35.477"/>
  <system-out/>
</testsuite> <!-- com.mystore.testcases.AccountCreationPageTest -->
