<?xml version="1.0" encoding="UTF-8"?>
<!-- Generated by org.testng.reporters.JUnitReportReporter -->
<testsuite hostname="SHARAN47" failures="0" tests="2" name="com.mystore.testcases.HomePageTest" time="67.686" errors="0" timestamp="2022-07-22T12:07:12 IST" skipped="0">
  <testcase classname="com.mystore.testcases.HomePageTest" name="validateMyWishlistTest" time="28.771"/>
  <system-out/>
  <testcase classname="com.mystore.testcases.HomePageTest" name="validateOrderHistoryTest" time="38.915"/>
  <system-out/>
</testsuite> <!-- com.mystore.testcases.HomePageTest -->
