<?xml version="1.0" encoding="UTF-8"?>
<!-- Generated by org.testng.reporters.JUnitReportReporter -->
<testsuite hostname="SHARAN47" failures="0" tests="1" name="com.mystore.testcases.SearcResultPageTest" time="19.798" errors="0" timestamp="2022-07-30T17:38:31 IST" skipped="0">
  <testcase classname="com.mystore.testcases.SearcResultPageTest" name="searchProductAvailabilityTest" time="19.798"/>
  <system-out/>
</testsuite> <!-- com.mystore.testcases.SearcResultPageTest -->
